----------------------------------------------------------------
Thu Jul 14 10:41:52 IST 2022:
Booting Derby version The Apache Software Foundation - Apache Derby - 10.14.2.0 - (1828579): instance a816c00e-0181-fb1e-dc70-00000123d4b0 
on database directory memory:C:\Users\nabeel\Downloads\jpaexamp\jpaexamp\cd08e255-87e0-4112-99c6-bfc7ee5d0455 with class loader jdk.internal.loader.ClassLoaders$AppClassLoader@3764951d 
Loaded from file:/C:/Users/nabeel/.m2/repository/org/apache/derby/derby/10.14.2.0/derby-10.14.2.0.jar
java.vendor=Oracle Corporation
java.runtime.version=15.0.2+7-27
user.dir=C:\Users\nabeel\Downloads\jpaexamp\jpaexamp
os.name=Windows 10
os.arch=amd64
os.version=10.0
derby.system.home=null
Database Class Loader started - derby.database.classpath=''
----------------------------------------------------------------
Thu Jul 14 10:42:51 IST 2022:
Shutting down instance a816c00e-0181-fb1e-dc70-00000123d4b0 on database directory memory:C:\Users\nabeel\Downloads\jpaexamp\jpaexamp\cd08e255-87e0-4112-99c6-bfc7ee5d0455 with class loader jdk.internal.loader.ClassLoaders$AppClassLoader@3764951d 
----------------------------------------------------------------
Thu Jul 14 10:42:52 IST 2022:
Booting Derby version The Apache Software Foundation - Apache Derby - 10.14.2.0 - (1828579): instance 0ddd00a9-0181-fb1e-dc70-00000123d4b0 
on database directory memory:C:\Users\nabeel\Downloads\jpaexamp\jpaexamp\95bcce17-0378-484a-a514-c08a63ad5707 with class loader jdk.internal.loader.ClassLoaders$AppClassLoader@3764951d 
Loaded from file:/C:/Users/nabeel/.m2/repository/org/apache/derby/derby/10.14.2.0/derby-10.14.2.0.jar
java.vendor=Oracle Corporation
java.runtime.version=15.0.2+7-27
user.dir=C:\Users\nabeel\Downloads\jpaexamp\jpaexamp
os.name=Windows 10
os.arch=amd64
os.version=10.0
derby.system.home=null
Database Class Loader started - derby.database.classpath=''
----------------------------------------------------------------
Thu Jul 14 10:42:54 IST 2022:
Shutting down instance 0ddd00a9-0181-fb1e-dc70-00000123d4b0 on database directory memory:C:\Users\nabeel\Downloads\jpaexamp\jpaexamp\95bcce17-0378-484a-a514-c08a63ad5707 with class loader jdk.internal.loader.ClassLoaders$AppClassLoader@3764951d 
----------------------------------------------------------------
Thu Jul 14 10:42:55 IST 2022:
Booting Derby version The Apache Software Foundation - Apache Derby - 10.14.2.0 - (1828579): instance 0b198144-0181-fb1e-dc70-00000123d4b0 
on database directory memory:C:\Users\nabeel\Downloads\jpaexamp\jpaexamp\fd2ea074-b344-46a6-a2f9-48bf5d2ef18a with class loader jdk.internal.loader.ClassLoaders$AppClassLoader@3764951d 
Loaded from file:/C:/Users/nabeel/.m2/repository/org/apache/derby/derby/10.14.2.0/derby-10.14.2.0.jar
java.vendor=Oracle Corporation
java.runtime.version=15.0.2+7-27
user.dir=C:\Users\nabeel\Downloads\jpaexamp\jpaexamp
os.name=Windows 10
os.arch=amd64
os.version=10.0
derby.system.home=null
Database Class Loader started - derby.database.classpath=''
----------------------------------------------------------------
Thu Jul 14 10:44:20 IST 2022:
Shutting down instance 0b198144-0181-fb1e-dc70-00000123d4b0 on database directory memory:C:\Users\nabeel\Downloads\jpaexamp\jpaexamp\fd2ea074-b344-46a6-a2f9-48bf5d2ef18a with class loader jdk.internal.loader.ClassLoaders$AppClassLoader@3764951d 
----------------------------------------------------------------
Thu Jul 14 10:44:21 IST 2022:
Booting Derby version The Apache Software Foundation - Apache Derby - 10.14.2.0 - (1828579): instance cfcc41df-0181-fb1e-dc70-00000123d4b0 
on database directory memory:C:\Users\nabeel\Downloads\jpaexamp\jpaexamp\cecfb7a2-1126-4968-9ea6-40357e471b3a with class loader jdk.internal.loader.ClassLoaders$AppClassLoader@3764951d 
Loaded from file:/C:/Users/nabeel/.m2/repository/org/apache/derby/derby/10.14.2.0/derby-10.14.2.0.jar
java.vendor=Oracle Corporation
java.runtime.version=15.0.2+7-27
user.dir=C:\Users\nabeel\Downloads\jpaexamp\jpaexamp
os.name=Windows 10
os.arch=amd64
os.version=10.0
derby.system.home=null
Database Class Loader started - derby.database.classpath=''
----------------------------------------------------------------
Thu Jul 14 10:45:45 IST 2022:
Shutting down instance cfcc41df-0181-fb1e-dc70-00000123d4b0 on database directory memory:C:\Users\nabeel\Downloads\jpaexamp\jpaexamp\cecfb7a2-1126-4968-9ea6-40357e471b3a with class loader jdk.internal.loader.ClassLoaders$AppClassLoader@3764951d 
